<?xml version="1.0" encoding="UTF-8"?>
<!-- Generated by org.testng.reporters.JUnitXMLReporter -->
<testsuite ignored="0" hostname="SV-19-QA-006-O" failures="0" tests="3" name=" Roles Page Test" time="93.98" errors="0" timestamp="19 Jan 2023 15:01:35 GMT">
  <testcase classname="com.qa.REBABudget.tests.RolePageTest" name="@BeforeClass navigateToRolesPage" time="72.891">
    <failure type="org.openqa.selenium.TimeoutException" message="Expected condition failed: waiting for element to be clickable: By.xpath: //span[text() = &amp;apos; Save &amp;apos;] (tried for 30 second(s) with 500 milliseconds interval)">
      <![CDATA[org.openqa.selenium.TimeoutException: Expected condition failed: waiting for element to be clickable: By.xpath: //span[text() = ' Save '] (tried for 30 second(s) with 500 milliseconds interval)
at org.openqa.selenium.support.ui.WebDriverWait.timeoutException(WebDriverWait.java:138)
at org.openqa.selenium.support.ui.FluentWait.until(FluentWait.java:231)
at com.qa.REBABudget.utils.ElementUtil.clickElementWhenReady(ElementUtil.java:484)
at com.qa.REBABudget.pages.UserGroupsPage.addUserGroup(UserGroupsPage.java:76)
at com.qa.REBABudget.tests.RolePageTest.navigateToRolesPage(RolePageTest.java:19)
Caused by: org.openqa.selenium.NoSuchWindowException: no such window: target window already closed
from unknown error: web view not found
  (Session info: chrome=109.0.5414.75)
Build info: version: '4.0.0', revision: '3a21814679'
System info: host: 'SV-19-QA-006-O', ip: '10.6.12.2', os.name: 'Windows 10', os.arch: 'amd64', os.version: '10.0', java.version: '17.0.2'
Driver info: org.openqa.selenium.chrome.ChromeDriver
Command: [c75438ab117f2742fe7e2a148275d060, findElement {using=xpath, value=//span[text() = ' Save ']}]
Capabilities {acceptInsecureCerts: false, browserName: chrome, browserVersion: 109.0.5414.75, chrome: {chromedriverVersion: 109.0.5414.74 (e7c5703604da..., userDataDir: C:\Users\MONIKA~1.KHA\AppDa...}, goog:chromeOptions: {debuggerAddress: localhost:59108}, javascriptEnabled: true, networkConnectionEnabled: false, pageLoadStrategy: normal, platform: WINDOWS, platformName: WINDOWS, proxy: Proxy(), se:cdp: ws://localhost:59108/devtoo..., se:cdpVersion: 109.0.5414.75, setWindowRect: true, strictFileInteractability: false, timeouts: {implicit: 0, pageLoad: 300000, script: 30000}, unhandledPromptBehavior: dismiss and notify, webauthn:extension:credBlob: true, webauthn:extension:largeBlob: true, webauthn:virtualAuthenticators: true}
Session ID: c75438ab117f2742fe7e2a148275d060
at org.openqa.selenium.remote.codec.w3c.W3CHttpResponseCodec.createException(W3CHttpResponseCodec.java:200)
at org.openqa.selenium.remote.codec.w3c.W3CHttpResponseCodec.decode(W3CHttpResponseCodec.java:133)
at org.openqa.selenium.remote.codec.w3c.W3CHttpResponseCodec.decode(W3CHttpResponseCodec.java:53)
at org.openqa.selenium.remote.HttpCommandExecutor.execute(HttpCommandExecutor.java:184)
at org.openqa.selenium.remote.service.DriverCommandExecutor.invokeExecute(DriverCommandExecutor.java:164)
at org.openqa.selenium.remote.service.DriverCommandExecutor.execute(DriverCommandExecutor.java:139)
at org.openqa.selenium.remote.RemoteWebDriver.execute(RemoteWebDriver.java:559)
at org.openqa.selenium.remote.ElementLocation$ElementFinder$2.findElement(ElementLocation.java:162)
at org.openqa.selenium.remote.ElementLocation.findElement(ElementLocation.java:60)
at org.openqa.selenium.remote.RemoteWebDriver.findElement(RemoteWebDriver.java:383)
at org.openqa.selenium.remote.RemoteWebDriver.findElement(RemoteWebDriver.java:375)
at org.openqa.selenium.support.ui.ExpectedConditions$7.apply(ExpectedConditions.java:197)
at org.openqa.selenium.support.ui.ExpectedConditions$7.apply(ExpectedConditions.java:193)
at org.openqa.selenium.support.ui.ExpectedConditions$22.apply(ExpectedConditions.java:631)
at org.openqa.selenium.support.ui.ExpectedConditions$22.apply(ExpectedConditions.java:628)
at org.openqa.selenium.support.ui.FluentWait.until(FluentWait.java:208)
... 29 more
... Removed 31 stack frames]]>
    </failure>
  </testcase> <!-- @BeforeClass navigateToRolesPage -->
  <testcase classname="com.qa.REBABudget.tests.BaseTest" name="@AfterTest tearDown" time="0.0">
    <skipped/>
  </testcase> <!-- @AfterTest tearDown -->
  <testcase classname="com.qa.REBABudget.tests.RolePageTest" name="rolesPageHeaderTest" time="0.0">
    <skipped/>
  </testcase> <!-- rolesPageHeaderTest -->
  <testcase classname="com.qa.REBABudget.tests.RolePageTest" name="createRoleWindowHeaderTest" time="0.0">
    <skipped/>
  </testcase> <!-- createRoleWindowHeaderTest -->
  <testcase classname="com.qa.REBABudget.tests.RolePageTest" name="addNewRoleTest" time="0.0">
    <skipped/>
  </testcase> <!-- addNewRoleTest -->
</testsuite> <!--  Roles Page Test -->
