<?xml version="1.0" encoding="UTF-8"?>
<!-- Generated by org.testng.reporters.JUnitXMLReporter -->
<testsuite ignored="0" hostname="SV-19-QA-006-O" failures="0" tests="5" name=" User Groups Page Test" time="36.855" errors="0" timestamp="19 Jan 2023 15:00:01 GMT">
  <testcase classname="com.qa.REBABudget.tests.UserGroupsPageTest" name="@BeforeClass navigateToUsergsGroupPage" time="23.812">
    <failure type="org.openqa.selenium.NoSuchElementException" message="no such element: Unable to locate element: {&amp;quot;method&amp;quot;:&amp;quot;xpath&amp;quot;,&amp;quot;selector&amp;quot;:&amp;quot;//*[@id=&amp;apos;leftsidebar&amp;apos;]/sidebar-nav/div/div/ul/li[2]/a&amp;quot;}
  (Session info: chrome=109.0.5414.75)
For documentation on this error, please visit: https://selenium.dev/exceptions/#no_such_element
Build info: version: &amp;apos;4.0.0&amp;apos;, revision: &amp;apos;3a21814679&amp;apos;
System info: host: &amp;apos;SV-19-QA-006-O&amp;apos;, ip: &amp;apos;10.6.12.2&amp;apos;, os.name: &amp;apos;Windows 10&amp;apos;, os.arch: &amp;apos;amd64&amp;apos;, os.version: &amp;apos;10.0&amp;apos;, java.version: &amp;apos;17.0.2&amp;apos;
Driver info: org.openqa.selenium.chrome.ChromeDriver
Command: [8eace8c1173b7d4e91347488ac280cff, findElement {using=xpath, value=//*[@id=&amp;apos;leftsidebar&amp;apos;]/sidebar-nav/div/div/ul/li[2]/a}]
Capabilities {acceptInsecureCerts: false, browserName: chrome, browserVersion: 109.0.5414.75, chrome: {chromedriverVersion: 109.0.5414.74 (e7c5703604da..., userDataDir: C:\Users\MONIKA~1.KHA\AppDa...}, goog:chromeOptions: {debuggerAddress: localhost:59056}, javascriptEnabled: true, networkConnectionEnabled: false, pageLoadStrategy: normal, platform: WINDOWS, platformName: WINDOWS, proxy: Proxy(), se:cdp: ws://localhost:59056/devtoo..., se:cdpVersion: 109.0.5414.75, setWindowRect: true, strictFileInteractability: false, timeouts: {implicit: 0, pageLoad: 300000, script: 30000}, unhandledPromptBehavior: dismiss and notify, webauthn:extension:credBlob: true, webauthn:extension:largeBlob: true, webauthn:virtualAuthenticators: true}
Session ID: 8eace8c1173b7d4e91347488ac280cff">
      <![CDATA[org.openqa.selenium.NoSuchElementException: no such element: Unable to locate element: {"method":"xpath","selector":"//*[@id='leftsidebar']/sidebar-nav/div/div/ul/li[2]/a"}
  (Session info: chrome=109.0.5414.75)
For documentation on this error, please visit: https://selenium.dev/exceptions/#no_such_element
Build info: version: '4.0.0', revision: '3a21814679'
System info: host: 'SV-19-QA-006-O', ip: '10.6.12.2', os.name: 'Windows 10', os.arch: 'amd64', os.version: '10.0', java.version: '17.0.2'
Driver info: org.openqa.selenium.chrome.ChromeDriver
Command: [8eace8c1173b7d4e91347488ac280cff, findElement {using=xpath, value=//*[@id='leftsidebar']/sidebar-nav/div/div/ul/li[2]/a}]
Capabilities {acceptInsecureCerts: false, browserName: chrome, browserVersion: 109.0.5414.75, chrome: {chromedriverVersion: 109.0.5414.74 (e7c5703604da..., userDataDir: C:\Users\MONIKA~1.KHA\AppDa...}, goog:chromeOptions: {debuggerAddress: localhost:59056}, javascriptEnabled: true, networkConnectionEnabled: false, pageLoadStrategy: normal, platform: WINDOWS, platformName: WINDOWS, proxy: Proxy(), se:cdp: ws://localhost:59056/devtoo..., se:cdpVersion: 109.0.5414.75, setWindowRect: true, strictFileInteractability: false, timeouts: {implicit: 0, pageLoad: 300000, script: 30000}, unhandledPromptBehavior: dismiss and notify, webauthn:extension:credBlob: true, webauthn:extension:largeBlob: true, webauthn:virtualAuthenticators: true}
Session ID: 8eace8c1173b7d4e91347488ac280cff
at org.openqa.selenium.remote.codec.w3c.W3CHttpResponseCodec.createException(W3CHttpResponseCodec.java:200)
at org.openqa.selenium.remote.codec.w3c.W3CHttpResponseCodec.decode(W3CHttpResponseCodec.java:133)
at org.openqa.selenium.remote.codec.w3c.W3CHttpResponseCodec.decode(W3CHttpResponseCodec.java:53)
at org.openqa.selenium.remote.HttpCommandExecutor.execute(HttpCommandExecutor.java:184)
at org.openqa.selenium.remote.service.DriverCommandExecutor.invokeExecute(DriverCommandExecutor.java:164)
at org.openqa.selenium.remote.service.DriverCommandExecutor.execute(DriverCommandExecutor.java:139)
at org.openqa.selenium.remote.RemoteWebDriver.execute(RemoteWebDriver.java:559)
at org.openqa.selenium.remote.ElementLocation$ElementFinder$2.findElement(ElementLocation.java:162)
at org.openqa.selenium.remote.ElementLocation.findElement(ElementLocation.java:60)
at org.openqa.selenium.remote.RemoteWebDriver.findElement(RemoteWebDriver.java:383)
at org.openqa.selenium.remote.RemoteWebDriver.findElement(RemoteWebDriver.java:375)
at com.qa.REBABudget.utils.ElementUtil.getElement(ElementUtil.java:67)
at com.qa.REBABudget.utils.ElementUtil.doClick(ElementUtil.java:109)
at com.qa.REBABudget.pages.HomePage.goToUsersGroupsPage(HomePage.java:50)
at com.qa.REBABudget.tests.UserGroupsPageTest.navigateToUsergsGroupPage(UserGroupsPageTest.java:18)
... Removed 31 stack frames]]>
    </failure>
  </testcase> <!-- @BeforeClass navigateToUsergsGroupPage -->
  <testcase classname="com.qa.REBABudget.tests.BaseTest" name="@AfterTest tearDown" time="0.0">
    <skipped/>
  </testcase> <!-- @AfterTest tearDown -->
  <testcase classname="com.qa.REBABudget.tests.UserGroupsPageTest" name="userGroupsPageHeaderTest" time="0.0">
    <skipped/>
  </testcase> <!-- userGroupsPageHeaderTest -->
  <testcase classname="com.qa.REBABudget.tests.UserGroupsPageTest" name="createUserGroupsWindowHeaderTest" time="0.0">
    <skipped/>
  </testcase> <!-- createUserGroupsWindowHeaderTest -->
  <testcase classname="com.qa.REBABudget.tests.UserGroupsPageTest" name="createUserGroupsTest" time="0.0">
    <skipped/>
  </testcase> <!-- createUserGroupsTest -->
  <testcase classname="com.qa.REBABudget.tests.UserGroupsPageTest" name="deleteUserGroupTest" time="0.0">
    <skipped/>
  </testcase> <!-- deleteUserGroupTest -->
  <testcase classname="com.qa.REBABudget.tests.UserGroupsPageTest" name="goToRolesPageTest" time="0.0">
    <skipped/>
  </testcase> <!-- goToRolesPageTest -->
</testsuite> <!--  User Groups Page Test -->
